TN:
SF:/Users/msehgal1/Google Drive/Books/reactspeedcoding/code/config/test_jsdom.js
FN:7,(anonymous_1)
FNF:1
FNH:1
FNDA:205,(anonymous_1)
DA:1,1
DA:3,1
DA:5,1
DA:6,1
DA:7,1
DA:8,205
DA:9,187
DA:10,187
DA:14,1
LF:9
LH:9
BRDA:8,1,0,187
BRDA:8,1,1,18
BRF:2
BRH:2
end_of_record
TN:
SF:/Users/msehgal1/Google Drive/Books/reactspeedcoding/code/app/components/Workflow.jsx
FN:44,Workflow
FN:50,cycleSequence
FN:59,cycleScenario
FN:79,render
FNF:4
FNH:4
FNDA:6,Workflow
FNDA:2,cycleSequence
FNDA:1,cycleScenario
FNDA:10,render
DA:1,1
DA:3,1
DA:44,1
DA:45,6
DA:46,6
DA:47,6
DA:48,6
DA:50,1
DA:51,2
DA:56,2
DA:59,1
DA:60,1
DA:61,1
DA:62,1
DA:63,1
DA:64,11
DA:66,1
DA:67,1
DA:71,1
DA:72,3
DA:73,1
DA:79,1
DA:80,10
DA:81,10
DA:82,10
DA:83,10
DA:84,110
DA:88,10
LF:28
LH:28
BRDA:53,16,0,0
BRDA:53,16,1,2
BRDA:64,17,0,3
BRDA:64,17,1,8
BRDA:69,18,0,0
BRDA:69,18,1,1
BRDA:72,19,0,1
BRDA:72,19,1,2
BRDA:84,20,0,35
BRDA:84,20,1,75
BRF:10
BRH:8
end_of_record
TN:
SF:/Users/msehgal1/Google Drive/Books/reactspeedcoding/code/app/components/Card.jsx
FN:10,render
FNF:1
FNH:1
FNDA:1,render
DA:1,1
DA:3,1
DA:10,1
DA:11,1
DA:13,1
DA:17,1
LF:6
LH:6
BRDA:11,16,0,0
BRDA:11,16,1,1
BRDA:14,17,0,0
BRDA:14,17,1,1
BRF:4
BRH:2
end_of_record
